<?xml version="1.0" encoding="UTF-8"?>
<!-- Generated by org.testng.reporters.JUnitXMLReporter -->
<testsuite ignored="0" hostname="LP004288" failures="0" tests="4" name="Default test" time="29.467" errors="0" timestamp="2024-10-10T21:53:41 IST">
  <testcase classname="api.test.UserTest" name="TestPostUser" time="4.581"/>
  <testcase classname="api.test.UserTest" name="TestGetUser" time="5.411"/>
  <testcase classname="api.test.UserTest" name="TestUpdateUserbyName" time="17.898"/>
  <testcase classname="api.test.UserTest" name="DeleteUser" time="1.164"/>
</testsuite> <!-- Default test -->
