<?xml version="1.0" encoding="UTF-8"?>
<!-- Generated by org.testng.reporters.JUnitXMLReporter -->
<testsuite ignored="0" hostname="LP004288" failures="0" tests="4" name="Test" time="9.667" errors="0" timestamp="2024-10-10T19:11:38 IST">
  <testcase classname="api.test.UserTest" name="TestPostUser" time="3.674"/>
  <testcase classname="api.test.UserTest" name="TestGetUser" time="1.365"/>
  <testcase classname="api.test.UserTest" name="TestUpdateUserbyName" time="2.629"/>
  <testcase classname="api.test.UserTest" name="DeleteUser" time="1.629"/>
</testsuite> <!-- Test -->
