<?xml version="1.0" encoding="UTF-8"?>
<!-- Generated by org.testng.reporters.JUnitXMLReporter -->
<testsuite ignored="0" hostname="LP004288" failures="4" tests="13" name="Surefire test" time="1.294" errors="0" timestamp="2024-10-23T12:41:10 IST">
  <testcase classname="api.test.UserTest" name="TestPostUser" time="1.079">
    <skipped/>
  </testcase> <!-- TestPostUser -->
  <testcase classname="api.test.UserTest" name="TestPostUser" time="0.005">
    <skipped/>
  </testcase> <!-- TestPostUser -->
  <testcase classname="api.test.UserTest" name="TestPostUser" time="0.004">
    <failure type="java.lang.IllegalArgumentException" message="object cannot be null">
      <![CDATA[java.lang.IllegalArgumentException: object cannot be null
at org.codehaus.groovy.runtime.callsite.ConstructorSite$ConstructorSiteNoUnwrap.callConstructor(ConstructorSite.java:86)
at org.codehaus.groovy.runtime.callsite.AbstractCallSite.callConstructor(AbstractCallSite.java:277)
at io.restassured.internal.common.assertion.AssertParameter.notNull(AssertParameter.groovy:26)
at io.restassured.internal.common.assertion.AssertParameter$notNull.callStatic(Unknown Source)
at io.restassured.internal.RequestSpecificationImpl.body(RequestSpecificationImpl.groovy:751)
at api.endpoints.UserEndPoint.CreateUser(UserEndPoint.java:22)
at api.test.UserTest.TestPostUser(UserTest.java:42)
at java.base/java.util.ArrayList.forEach(ArrayList.java:1511)
... Removed 39 stack frames]]>
    </failure>
  </testcase> <!-- TestPostUser -->
  <testcase classname="api.test.UserTest" name="TestGetUser" time="0.002">
    <skipped/>
  </testcase> <!-- TestGetUser -->
  <testcase classname="api.test.UserTest" name="TestGetUser" time="0.002">
    <skipped/>
  </testcase> <!-- TestGetUser -->
  <testcase classname="api.test.UserTest" name="TestGetUser" time="0.002">
    <failure type="java.lang.NullPointerException" message="Cannot invoke &amp;quot;api.payload.User.getUsername()&amp;quot; because &amp;quot;this.Userpayload&amp;quot; is null">
      <![CDATA[java.lang.NullPointerException: Cannot invoke "api.payload.User.getUsername()" because "this.Userpayload" is null
at api.test.UserTest.TestGetUser(UserTest.java:52)
at java.base/java.util.ArrayList.forEach(ArrayList.java:1511)
... Removed 32 stack frames]]>
    </failure>
  </testcase> <!-- TestGetUser -->
  <testcase classname="api.test.UserTest" name="TestUpdateUserbyName" time="0.002">
    <skipped/>
  </testcase> <!-- TestUpdateUserbyName -->
  <testcase classname="api.test.UserTest" name="TestUpdateUserbyName" time="0.001">
    <skipped/>
  </testcase> <!-- TestUpdateUserbyName -->
  <testcase classname="api.test.UserTest" name="TestUpdateUserbyName" time="0.003">
    <failure type="java.lang.NullPointerException" message="Cannot invoke &amp;quot;com.github.javafaker.Faker.name()&amp;quot; because &amp;quot;this.faker&amp;quot; is null">
      <![CDATA[java.lang.NullPointerException: Cannot invoke "com.github.javafaker.Faker.name()" because "this.faker" is null
at api.test.UserTest.TestUpdateUserbyName(UserTest.java:62)
at java.base/java.util.ArrayList.forEach(ArrayList.java:1511)
... Removed 32 stack frames]]>
    </failure>
  </testcase> <!-- TestUpdateUserbyName -->
  <testcase classname="api.test.UserTest" name="DeleteUser" time="0.002">
    <skipped/>
  </testcase> <!-- DeleteUser -->
  <testcase classname="api.test.UserTest" name="DeleteUser" time="0.002">
    <skipped/>
  </testcase> <!-- DeleteUser -->
  <testcase classname="api.test.UserTest" name="DeleteUser" time="0.002">
    <failure type="java.lang.NullPointerException" message="Cannot invoke &amp;quot;api.payload.User.getUsername()&amp;quot; because &amp;quot;this.Userpayload&amp;quot; is null">
      <![CDATA[java.lang.NullPointerException: Cannot invoke "api.payload.User.getUsername()" because "this.Userpayload" is null
at api.test.UserTest.DeleteUser(UserTest.java:78)
at java.base/java.util.ArrayList.forEach(ArrayList.java:1511)
... Removed 32 stack frames]]>
    </failure>
  </testcase> <!-- DeleteUser -->
  <testcase classname="NewTest" name="f" time="0.003"/>
</testsuite> <!-- Surefire test -->
