<?xml version="1.0" encoding="UTF-8"?>
<testng-results ignored="0" total="4" passed="4" failed="0" skipped="0">
  <reporter-output>
  </reporter-output>
  <suite started-at="2024-10-10T21:53:12 IST" name="Default suite" finished-at="2024-10-10T21:53:41 IST" duration-ms="29467">
    <groups>
    </groups>
    <test started-at="2024-10-10T21:53:12 IST" name="Default test" finished-at="2024-10-10T21:53:41 IST" duration-ms="29467">
      <class name="api.test.UserTest">
        <test-method is-config="true" signature="SetupData()[pri:0, instance:api.test.UserTest@74bf1791]" started-at="2024-10-10T21:53:12 IST" name="SetupData" finished-at="2024-10-10T21:53:12 IST" duration-ms="272" status="PASS">
          <reporter-output>
          </reporter-output>
        </test-method> <!-- SetupData -->
        <test-method signature="TestPostUser()[pri:1, instance:api.test.UserTest@74bf1791]" started-at="2024-10-10T21:53:12 IST" name="TestPostUser" finished-at="2024-10-10T21:53:16 IST" duration-ms="4581" status="PASS">
          <reporter-output>
          </reporter-output>
        </test-method> <!-- TestPostUser -->
        <test-method signature="TestGetUser()[pri:2, instance:api.test.UserTest@74bf1791]" started-at="2024-10-10T21:53:17 IST" name="TestGetUser" finished-at="2024-10-10T21:53:22 IST" duration-ms="5411" status="PASS">
          <reporter-output>
          </reporter-output>
        </test-method> <!-- TestGetUser -->
        <test-method signature="TestUpdateUserbyName()[pri:3, instance:api.test.UserTest@74bf1791]" started-at="2024-10-10T21:53:22 IST" name="TestUpdateUserbyName" finished-at="2024-10-10T21:53:40 IST" duration-ms="17898" status="PASS">
          <reporter-output>
          </reporter-output>
        </test-method> <!-- TestUpdateUserbyName -->
        <test-method signature="DeleteUser()[pri:4, instance:api.test.UserTest@74bf1791]" started-at="2024-10-10T21:53:40 IST" name="DeleteUser" finished-at="2024-10-10T21:53:41 IST" duration-ms="1164" status="PASS">
          <reporter-output>
          </reporter-output>
        </test-method> <!-- DeleteUser -->
      </class> <!-- api.test.UserTest -->
    </test> <!-- Default test -->
  </suite> <!-- Default suite -->
</testng-results>
